jun. 25, 2025 6:18:25 PM liquibase.changelog
INFO: Reading resource: db/changelog/migrations/db.changelog-202506241820.sql
jun. 25, 2025 6:18:25 PM liquibase.changelog
INFO: Reading resource: db/changelog/migrations/db.changelog-202506251030.sql
jun. 25, 2025 6:18:25 PM liquibase.changelog
INFO: Reading resource: db/changelog/migrations/db.changelog-202506251300.sql
jun. 25, 2025 6:18:25 PM liquibase.changelog
INFO: Reading resource: db/changelog/migrations/db.changelog-202506251310.sql
jun. 25, 2025 6:18:25 PM liquibase.changelog
INFO: Reading from board.databasechangelog
Database is up to date, no changesets to execute
jun. 25, 2025 6:18:26 PM liquibase.changelog
INFO: Reading from board.databasechangelog

UPDATE SUMMARY
Run:                          0
Previously run:               4
Filtered out:                 0
-------------------------------
Total change sets:            4

jun. 25, 2025 6:18:26 PM liquibase.util
INFO: UPDATE SUMMARY
jun. 25, 2025 6:18:26 PM liquibase.util
INFO: Run:                          0
jun. 25, 2025 6:18:26 PM liquibase.util
INFO: Previously run:               4
jun. 25, 2025 6:18:26 PM liquibase.util
INFO: Filtered out:                 0
jun. 25, 2025 6:18:26 PM liquibase.util
INFO: -------------------------------
jun. 25, 2025 6:18:26 PM liquibase.util
INFO: Total change sets:            4
jun. 25, 2025 6:18:26 PM liquibase.util
INFO: Update summary generated
jun. 25, 2025 6:18:26 PM liquibase.lockservice
INFO: Successfully released change log lock
jun. 25, 2025 6:18:26 PM liquibase.command
INFO: Command execution complete
